
Lmod is automatically replacing "intel/2020.1.217" with "gcc/9.3.0".


The following have been reloaded with a version change:
  1) StdEnv/2023 => StdEnv/2020          5) imkl/2023.2.0 => imkl/2020.1.217
  2) gcc/12.3 => gcc/9.3.0               6) libfabric/1.18.0 => libfabric/1.10.1
  3) gcccore/.12.3 => gcccore/.9.3.0     7) openmpi/4.1.5 => openmpi/4.0.3
  4) gentoo/2023 => gentoo/2020          8) ucx/1.14.1 => ucx/1.8.0

- The project is out-of-sync -- use `renv::status()` for details.
- The project is out-of-sync -- use `renv::status()` for details.
- The project is out-of-sync -- use `renv::status()` for details.
- The project is out-of-sync -- use `renv::status()` for details.

Attaching package: ‘dplyr’

The following objects are masked from ‘package:stats’:

    filter, lag

The following objects are masked from ‘package:base’:

    intersect, setdiff, setequal, union

terra 1.7.78

Attaching package: ‘tictoc’

The following objects are masked from ‘package:terra’:

    shift, size

[1] "||TIME :  1  /  2 , :  LH0_2017_12_17_traj.nc"
[1] "  inside time :  1  /  228"
[1] "  inside time :  2  /  228"
[1] "  inside time :  3  /  228"
[1] "  inside time :  4  /  228"
[1] "  inside time :  5  /  228"
[1] "  inside time :  6  /  228"
[1] "  inside time :  7  /  228"
[1] "  inside time :  8  /  228"
[1] "  inside time :  9  /  228"
[1] "  inside time :  10  /  228"
[1] "  inside time :  11  /  228"
[1] "  inside time :  12  /  228"
[1] "  inside time :  13  /  228"
[1] "  inside time :  14  /  228"
[1] "  inside time :  15  /  228"
[1] "  inside time :  16  /  228"
[1] "  inside time :  17  /  228"
[1] "  inside time :  18  /  228"
[1] "  inside time :  19  /  228"
[1] "  inside time :  20  /  228"
[1] "  inside time :  21  /  228"
[1] "  inside time :  22  /  228"
[1] "  inside time :  23  /  228"
[1] "  inside time :  24  /  228"
[1] "  inside time :  25  /  228"
[1] "  inside time :  26  /  228"
[1] "  inside time :  27  /  228"
[1] "  inside time :  28  /  228"
[1] "  inside time :  29  /  228"
[1] "  inside time :  30  /  228"
[1] "  inside time :  31  /  228"
[1] "  inside time :  32  /  228"
[1] "  inside time :  33  /  228"
[1] "  inside time :  34  /  228"
[1] "  inside time :  35  /  228"
[1] "  inside time :  36  /  228"
[1] "  inside time :  37  /  228"
[1] "  inside time :  38  /  228"
[1] "  inside time :  39  /  228"
[1] "  inside time :  40  /  228"
[1] "  inside time :  41  /  228"
[1] "  inside time :  42  /  228"
[1] "  inside time :  43  /  228"
[1] "  inside time :  44  /  228"
[1] "  inside time :  45  /  228"
[1] "  inside time :  46  /  228"
[1] "  inside time :  47  /  228"
[1] "  inside time :  48  /  228"
[1] "  inside time :  49  /  228"
[1] "  inside time :  50  /  228"
[1] "  inside time :  51  /  228"
[1] "  inside time :  52  /  228"
[1] "  inside time :  53  /  228"
[1] "  inside time :  54  /  228"
[1] "  inside time :  55  /  228"
[1] "  inside time :  56  /  228"
[1] "  inside time :  57  /  228"
[1] "  inside time :  58  /  228"
[1] "  inside time :  59  /  228"
[1] "  inside time :  60  /  228"
[1] "  inside time :  61  /  228"
[1] "  inside time :  62  /  228"
[1] "  inside time :  63  /  228"
[1] "  inside time :  64  /  228"
[1] "  inside time :  65  /  228"
[1] "  inside time :  66  /  228"
[1] "  inside time :  67  /  228"
[1] "  inside time :  68  /  228"
[1] "  inside time :  69  /  228"
[1] "  inside time :  70  /  228"
[1] "  inside time :  71  /  228"
[1] "  inside time :  72  /  228"
[1] "  inside time :  73  /  228"
[1] "  inside time :  74  /  228"
[1] "  inside time :  75  /  228"
[1] "  inside time :  76  /  228"
[1] "  inside time :  77  /  228"
[1] "  inside time :  78  /  228"
[1] "  inside time :  79  /  228"
[1] "  inside time :  80  /  228"
[1] "  inside time :  81  /  228"
[1] "  inside time :  82  /  228"
[1] "  inside time :  83  /  228"
[1] "  inside time :  84  /  228"
[1] "  inside time :  85  /  228"
[1] "  inside time :  86  /  228"
[1] "  inside time :  87  /  228"
[1] "  inside time :  88  /  228"
[1] "  inside time :  89  /  228"
[1] "  inside time :  90  /  228"
[1] "  inside time :  91  /  228"
[1] "  inside time :  92  /  228"
[1] "  inside time :  93  /  228"
[1] "  inside time :  94  /  228"
[1] "  inside time :  95  /  228"
[1] "  inside time :  96  /  228"
[1] "  inside time :  97  /  228"
[1] "  inside time :  98  /  228"
[1] "  inside time :  99  /  228"
[1] "  inside time :  100  /  228"
[1] "  inside time :  101  /  228"
[1] "  inside time :  102  /  228"
[1] "  inside time :  103  /  228"
[1] "  inside time :  104  /  228"
[1] "  inside time :  105  /  228"
[1] "  inside time :  106  /  228"
[1] "  inside time :  107  /  228"
[1] "  inside time :  108  /  228"
[1] "  inside time :  109  /  228"
[1] "  inside time :  110  /  228"
[1] "  inside time :  111  /  228"
[1] "  inside time :  112  /  228"
[1] "  inside time :  113  /  228"
[1] "  inside time :  114  /  228"
[1] "  inside time :  115  /  228"
[1] "  inside time :  116  /  228"
[1] "  inside time :  117  /  228"
[1] "  inside time :  118  /  228"
[1] "  inside time :  119  /  228"
[1] "  inside time :  120  /  228"
[1] "  inside time :  121  /  228"
[1] "  inside time :  122  /  228"
[1] "  inside time :  123  /  228"
[1] "  inside time :  124  /  228"
[1] "  inside time :  125  /  228"
[1] "  inside time :  126  /  228"
[1] "  inside time :  127  /  228"
[1] "  inside time :  128  /  228"
[1] "  inside time :  129  /  228"
[1] "  inside time :  130  /  228"
[1] "  inside time :  131  /  228"
[1] "  inside time :  132  /  228"
[1] "  inside time :  133  /  228"
[1] "  inside time :  134  /  228"
[1] "  inside time :  135  /  228"
[1] "  inside time :  136  /  228"
[1] "  inside time :  137  /  228"
[1] "  inside time :  138  /  228"
[1] "  inside time :  139  /  228"
[1] "  inside time :  140  /  228"
[1] "  inside time :  141  /  228"
[1] "  inside time :  142  /  228"
[1] "  inside time :  143  /  228"
[1] "  inside time :  144  /  228"
[1] "  inside time :  145  /  228"
[1] "  inside time :  146  /  228"
[1] "  inside time :  147  /  228"
[1] "  inside time :  148  /  228"
[1] "  inside time :  149  /  228"
[1] "  inside time :  150  /  228"
[1] "  inside time :  151  /  228"
[1] "  inside time :  152  /  228"
[1] "  inside time :  153  /  228"
[1] "  inside time :  154  /  228"
[1] "  inside time :  155  /  228"
[1] "  inside time :  156  /  228"
[1] "  inside time :  157  /  228"
[1] "  inside time :  158  /  228"
[1] "  inside time :  159  /  228"
[1] "  inside time :  160  /  228"
[1] "  inside time :  161  /  228"
[1] "  inside time :  162  /  228"
[1] "  inside time :  163  /  228"
[1] "  inside time :  164  /  228"
[1] "  inside time :  165  /  228"
[1] "  inside time :  166  /  228"
[1] "  inside time :  167  /  228"
[1] "  inside time :  168  /  228"
[1] "  inside time :  169  /  228"
[1] "  inside time :  170  /  228"
[1] "  inside time :  171  /  228"
[1] "  inside time :  172  /  228"
[1] "  inside time :  173  /  228"
[1] "  inside time :  174  /  228"
[1] "  inside time :  175  /  228"
[1] "  inside time :  176  /  228"
[1] "  inside time :  177  /  228"
[1] "  inside time :  178  /  228"
[1] "  inside time :  179  /  228"
[1] "  inside time :  180  /  228"
[1] "  inside time :  181  /  228"
[1] "  inside time :  182  /  228"
[1] "  inside time :  183  /  228"
[1] "  inside time :  184  /  228"
[1] "  inside time :  185  /  228"
[1] "  inside time :  186  /  228"
[1] "  inside time :  187  /  228"
[1] "  inside time :  188  /  228"
[1] "  inside time :  189  /  228"
[1] "  inside time :  190  /  228"
[1] "  inside time :  191  /  228"
[1] "  inside time :  192  /  228"
[1] "  inside time :  193  /  228"
[1] "  inside time :  194  /  228"
[1] "  inside time :  195  /  228"
[1] "  inside time :  196  /  228"
[1] "  inside time :  197  /  228"
[1] "  inside time :  198  /  228"
[1] "  inside time :  199  /  228"
[1] "  inside time :  200  /  228"
[1] "  inside time :  201  /  228"
[1] "  inside time :  202  /  228"
[1] "  inside time :  203  /  228"
[1] "  inside time :  204  /  228"
[1] "  inside time :  205  /  228"
[1] "  inside time :  206  /  228"
[1] "  inside time :  207  /  228"
[1] "  inside time :  208  /  228"
[1] "  inside time :  209  /  228"
[1] "  inside time :  210  /  228"
[1] "  inside time :  211  /  228"
[1] "  inside time :  212  /  228"
[1] "  inside time :  213  /  228"
[1] "  inside time :  214  /  228"
[1] "  inside time :  215  /  228"
[1] "  inside time :  216  /  228"
[1] "  inside time :  217  /  228"
[1] "  inside time :  218  /  228"
[1] "  inside time :  219  /  228"
[1] "  inside time :  220  /  228"
[1] "  inside time :  221  /  228"
[1] "  inside time :  222  /  228"
[1] "  inside time :  223  /  228"
[1] "  inside time :  224  /  228"
[1] "  inside time :  225  /  228"
[1] "  inside time :  226  /  228"
[1] "  inside time :  227  /  228"
[1] "  inside time :  228  /  228"
1254.747 sec elapsed
[1] "||TIME :  2  /  2 , :  YF1_2017_08_29_traj.nc"
[1] "  inside time :  1  /  228"
[1] "  inside time :  2  /  228"
[1] "  inside time :  3  /  228"
[1] "  inside time :  4  /  228"
[1] "  inside time :  5  /  228"
Error: basic_string::_M_create
Execution halted
